0 info it worked if it ends with ok
1 verbose cli [ '/usr/bin/node', '/usr/bin/npm', 'run', 'ng' ]
2 info using npm@3.5.2
3 info using node@v8.10.0
4 verbose run-script [ 'preng', 'ng', 'postng' ]
5 info lifecycle exercici-inicial@0.0.0~preng: exercici-inicial@0.0.0
6 silly lifecycle exercici-inicial@0.0.0~preng: no script for preng, continuing
7 info lifecycle exercici-inicial@0.0.0~ng: exercici-inicial@0.0.0
8 verbose lifecycle exercici-inicial@0.0.0~ng: unsafe-perm in lifecycle true
9 verbose lifecycle exercici-inicial@0.0.0~ng: PATH: /usr/share/npm/bin/node-gyp-bin:/opt/lampp/htdocs/M14/Prueba Angular/AlvaroArpal_Angular_Pt1-master/node_modules/.bin:/usr/local/sbin:/usr/local/bin:/usr/sbin:/usr/bin:/sbin:/bin:/usr/games:/usr/local/games:/home/alvaro/scripts:/snap/bin:~/.dotnet/tools:/home/alvaro/.dotnet/tools
10 verbose lifecycle exercici-inicial@0.0.0~ng: CWD: /opt/lampp/htdocs/M14/Prueba Angular/AlvaroArpal_Angular_Pt1-master
11 silly lifecycle exercici-inicial@0.0.0~ng: Args: [ '-c', 'ng' ]
12 silly lifecycle exercici-inicial@0.0.0~ng: Returned: code: 3  signal: null
13 info lifecycle exercici-inicial@0.0.0~ng: Failed to exec ng script
14 verbose stack Error: exercici-inicial@0.0.0 ng: `ng`
14 verbose stack Exit status 3
14 verbose stack     at EventEmitter.<anonymous> (/usr/share/npm/lib/utils/lifecycle.js:232:16)
14 verbose stack     at emitTwo (events.js:126:13)
14 verbose stack     at EventEmitter.emit (events.js:214:7)
14 verbose stack     at ChildProcess.<anonymous> (/usr/share/npm/lib/utils/spawn.js:24:14)
14 verbose stack     at emitTwo (events.js:126:13)
14 verbose stack     at ChildProcess.emit (events.js:214:7)
14 verbose stack     at maybeClose (internal/child_process.js:925:16)
14 verbose stack     at Process.ChildProcess._handle.onexit (internal/child_process.js:209:5)
15 verbose pkgid exercici-inicial@0.0.0
16 verbose cwd /opt/lampp/htdocs/M14/Prueba Angular/AlvaroArpal_Angular_Pt1-master
17 error Linux 4.15.0-135-generic
18 error argv "/usr/bin/node" "/usr/bin/npm" "run" "ng"
19 error node v8.10.0
20 error npm  v3.5.2
21 error code ELIFECYCLE
22 error exercici-inicial@0.0.0 ng: `ng`
22 error Exit status 3
23 error Failed at the exercici-inicial@0.0.0 ng script 'ng'.
23 error Make sure you have the latest version of node.js and npm installed.
23 error If you do, this is most likely a problem with the exercici-inicial package,
23 error not with npm itself.
23 error Tell the author that this fails on your system:
23 error     ng
23 error You can get information on how to open an issue for this project with:
23 error     npm bugs exercici-inicial
23 error Or if that isn't available, you can get their info via:
23 error     npm owner ls exercici-inicial
23 error There is likely additional logging output above.
24 verbose exit [ 1, true ]
